<?xml version='1.0' encoding='UTF-8'?>
<testsuite hostname="BigBoy." name="ton.sdk.client.modules.CryptoSpec" tests="59" errors="0" failures="0" skipped="0" time="3.839" timestamp="2020-11-05T18:10:40">
                     <properties>
      <property name="jline.esc.timeout" value="0"/><property name="jna.platform.library.path" value="/usr/lib:/usr/lib"/><property name="java.runtime.name" value="OpenJDK Runtime Environment"/><property name="sun.boot.library.path" value="/Library/Java/JavaVirtualMachines/adoptopenjdk-8.jdk/Contents/Home/jre/lib"/><property name="java.vm.version" value="25.242-b08"/><property name="gopherProxySet" value="false"/><property name="java.vm.vendor" value="AdoptOpenJDK"/><property name="java.vendor.url" value="http://java.oracle.com/"/><property name="path.separator" value=":"/><property name="jna.loaded" value="true"/><property name="java.vm.name" value="OpenJDK 64-Bit Server VM"/><property name="file.encoding.pkg" value="sun.io"/><property name="user.country" value="DE"/><property name="sun.java.launcher" value="SUN_STANDARD"/><property name="sun.os.patch.level" value="unknown"/><property name="jna.nosys" value="true"/><property name="java.vm.specification.name" value="Java Virtual Machine Specification"/><property name="user.dir" value="/Users/slasch/work/workspaces/ton/sdk-scala-binding"/><property name="java.runtime.version" value="1.8.0_242-b08"/><property name="java.awt.graphicsenv" value="sun.awt.CGraphicsEnvironment"/><property name="java.endorsed.dirs" value="/Library/Java/JavaVirtualMachines/adoptopenjdk-8.jdk/Contents/Home/jre/lib/endorsed"/><property name="os.arch" value="x86_64"/><property name="java.io.tmpdir" value="/var/folders/ss/f3v3tqsj5w93pxzw4sb_p3rw0000gn/T/"/><property name="line.separator" value="
"/><property name="java.vm.specification.vendor" value="Oracle Corporation"/><property name="log4j.ignoreTCL" value="true"/><property name="os.name" value="Mac OS X"/><property name="sun.jnu.encoding" value="UTF-8"/><property name="jnidispatch.path" value="/Users/slasch/Library/Caches/JNA/temp/jna3106660518135827296.tmp"/><property name="java.library.path" value="/Users/slasch/Library/Java/Extensions:/Library/Java/Extensions:/Network/Library/Java/Extensions:/System/Library/Java/Extensions:/usr/lib/java:."/><property name="java.specification.name" value="Java Platform API Specification"/><property name="java.class.version" value="52.0"/><property name="sun.management.compiler" value="HotSpot 64-Bit Tiered Compilers"/><property name="os.version" value="10.15.7"/><property name="http.nonProxyHosts" value="local|*.local|169.254/16|*.169.254/16"/><property name="swoval.tmpdir" value="/Users/slasch/.sbt/1.0"/><property name="user.home" value="/Users/slasch"/><property name="user.timezone" value="Europe/Berlin"/><property name="java.awt.printerjob" value="sun.lwawt.macosx.CPrinterJob"/><property name="file.encoding" value="UTF-8"/><property name="java.specification.version" value="1.8"/><property name="java.class.path" value="/Users/slasch/work/sbt/sbt-launch.jar"/><property name="user.name" value="slasch"/><property name="jline.shutdownhook" value="false"/><property name="java.vm.specification.version" value="1.8"/><property name="sun.java.command" value="/Users/slasch/work/sbt/sbt-launch.jar test"/><property name="java.home" value="/Library/Java/JavaVirtualMachines/adoptopenjdk-8.jdk/Contents/Home/jre"/><property name="sun.arch.data.model" value="64"/><property name="user.language" value="en"/><property name="java.specification.vendor" value="Oracle Corporation"/><property name="awt.toolkit" value="sun.lwawt.macosx.LWCToolkit"/><property name="java.vm.info" value="mixed mode"/><property name="java.version" value="1.8.0_242"/><property name="java.ext.dirs" value="/Users/slasch/Library/Java/Extensions:/Library/Java/JavaVirtualMachines/adoptopenjdk-8.jdk/Contents/Home/jre/lib/ext:/Library/Java/Extensions:/Network/Library/Java/Extensions:/System/Library/Java/Extensions:/usr/lib/java"/><property name="sun.boot.class.path" value="/Library/Java/JavaVirtualMachines/adoptopenjdk-8.jdk/Contents/Home/jre/lib/resources.jar:/Library/Java/JavaVirtualMachines/adoptopenjdk-8.jdk/Contents/Home/jre/lib/rt.jar:/Library/Java/JavaVirtualMachines/adoptopenjdk-8.jdk/Contents/Home/jre/lib/sunrsasign.jar:/Library/Java/JavaVirtualMachines/adoptopenjdk-8.jdk/Contents/Home/jre/lib/jsse.jar:/Library/Java/JavaVirtualMachines/adoptopenjdk-8.jdk/Contents/Home/jre/lib/jce.jar:/Library/Java/JavaVirtualMachines/adoptopenjdk-8.jdk/Contents/Home/jre/lib/charsets.jar:/Library/Java/JavaVirtualMachines/adoptopenjdk-8.jdk/Contents/Home/jre/lib/jfr.jar:/Library/Java/JavaVirtualMachines/adoptopenjdk-8.jdk/Contents/Home/jre/classes"/><property name="java.vendor" value="AdoptOpenJDK"/><property name="file.separator" value="/"/><property name="java.vendor.url.bug" value="http://bugreport.sun.com/bugreport/"/><property name="sun.io.unicode.encoding" value="UnicodeBig"/><property name="sun.cpu.endian" value="little"/><property name="socksNonProxyHosts" value="local|*.local|169.254/16|*.169.254/16"/><property name="ftp.nonProxyHosts" value="local|*.local|169.254/16|*.169.254/16"/><property name="sun.cpu.isalist" value=""/>
    </properties>
                     <testcase classname="ton.sdk.client.modules.CryptoSpec" name="Crypto should convert_public_key_to_ton_safe_format" time="0.75">
                                                 
                                               </testcase><testcase classname="ton.sdk.client.modules.CryptoSpec" name="Crypto should not convert_public_key_to_ton_safe_format" time="0.005">
                                                 
                                               </testcase><testcase classname="ton.sdk.client.modules.CryptoSpec" name="Crypto should factorize" time="0.096">
                                                 
                                               </testcase><testcase classname="ton.sdk.client.modules.CryptoSpec" name="Crypto should not factorize" time="0.002">
                                                 
                                               </testcase><testcase classname="ton.sdk.client.modules.CryptoSpec" name="Crypto should generate_random_bytes" time="0.004">
                                                 
                                               </testcase><testcase classname="ton.sdk.client.modules.CryptoSpec" name="Crypto should not generate_random_bytes" time="0.001">
                                                 
                                               </testcase><testcase classname="ton.sdk.client.modules.CryptoSpec" name="Crypto should generate_random_sign_keys" time="0.002">
                                                 
                                               </testcase><testcase classname="ton.sdk.client.modules.CryptoSpec" name="Crypto should hdkey_derive_from_xprv" time="0.005">
                                                 
                                               </testcase><testcase classname="ton.sdk.client.modules.CryptoSpec" name="Crypto should not hdkey_derive_from_xprv" time="0.001">
                                                 
                                               </testcase><testcase classname="ton.sdk.client.modules.CryptoSpec" name="Crypto should hdkey_derive_from_xprv_path" time="0.005">
                                                 
                                               </testcase><testcase classname="ton.sdk.client.modules.CryptoSpec" name="Crypto should not hdkey_derive_from_xprv_path" time="0.002">
                                                 
                                               </testcase><testcase classname="ton.sdk.client.modules.CryptoSpec" name="Crypto should hdkey_xprv_from_mnemonic" time="0.007">
                                                 
                                               </testcase><testcase classname="ton.sdk.client.modules.CryptoSpec" name="Crypto should not hdkey_xprv_from_mnemonic" time="0.002">
                                                 
                                               </testcase><testcase classname="ton.sdk.client.modules.CryptoSpec" name="Crypto should hdkey_secret_from_xprv" time="0.003">
                                                 
                                               </testcase><testcase classname="ton.sdk.client.modules.CryptoSpec" name="Crypto should not hdkey_secret_from_xprv" time="0.002">
                                                 
                                               </testcase><testcase classname="ton.sdk.client.modules.CryptoSpec" name="Crypto should hdkey_public_from_xprv" time="0.003">
                                                 
                                               </testcase><testcase classname="ton.sdk.client.modules.CryptoSpec" name="Crypto should not hdkey_public_from_xprv" time="0.002">
                                                 
                                               </testcase><testcase classname="ton.sdk.client.modules.CryptoSpec" name="Crypto should mnemonic_words" time="0.005">
                                                 
                                               </testcase><testcase classname="ton.sdk.client.modules.CryptoSpec" name="Crypto should not mnemonic_words" time="0.002">
                                                 
                                               </testcase><testcase classname="ton.sdk.client.modules.CryptoSpec" name="Crypto should mnemonic_from_random" time="0.009">
                                                 
                                               </testcase><testcase classname="ton.sdk.client.modules.CryptoSpec" name="Crypto should not mnemonic_from_random" time="2.496">
                                                 
                                               </testcase><testcase classname="ton.sdk.client.modules.CryptoSpec" name="Crypto should not mnemonic_from_random either" time="0.002">
                                                 
                                               </testcase><testcase classname="ton.sdk.client.modules.CryptoSpec" name="Crypto should mnemonic_from_entropy" time="0.003">
                                                 
                                               </testcase><testcase classname="ton.sdk.client.modules.CryptoSpec" name="Crypto should not mnemonic_from_entropy" time="0.001">
                                                 
                                               </testcase><testcase classname="ton.sdk.client.modules.CryptoSpec" name="Crypto should mnemonic_verify" time="0.008">
                                                 
                                               </testcase><testcase classname="ton.sdk.client.modules.CryptoSpec" name="Crypto should not mnemonic_verify" time="0.003">
                                                 
                                               </testcase><testcase classname="ton.sdk.client.modules.CryptoSpec" name="Crypto should mnemonic_derive_sign_keys 1" time="0.13">
                                                 
                                               </testcase><testcase classname="ton.sdk.client.modules.CryptoSpec" name="Crypto should mnemonic_derive_sign_keys 2" time="0.127">
                                                 
                                               </testcase><testcase classname="ton.sdk.client.modules.CryptoSpec" name="Crypto should mnemonic_derive_sign_keys 3" time="0.005">
                                                 
                                               </testcase><testcase classname="ton.sdk.client.modules.CryptoSpec" name="Crypto should mnemonic_derive_sign_keys 4" time="0.006">
                                                 
                                               </testcase><testcase classname="ton.sdk.client.modules.CryptoSpec" name="Crypto should modular_power" time="0.003">
                                                 
                                               </testcase><testcase classname="ton.sdk.client.modules.CryptoSpec" name="Crypto should not modular_power" time="0.002">
                                                 
                                               </testcase><testcase classname="ton.sdk.client.modules.CryptoSpec" name="Crypto should nacl_box_keypair" time="0.004">
                                                 
                                               </testcase><testcase classname="ton.sdk.client.modules.CryptoSpec" name="Crypto should nacl_box_keypair_from_secret_key" time="0.005">
                                                 
                                               </testcase><testcase classname="ton.sdk.client.modules.CryptoSpec" name="Crypto should not nacl_box_keypair_from_secret_key" time="0.002">
                                                 
                                               </testcase><testcase classname="ton.sdk.client.modules.CryptoSpec" name="Crypto should not nacl_box" time="0.002">
                                                 
                                               </testcase><testcase classname="ton.sdk.client.modules.CryptoSpec" name="Crypto should nacl_box and nacl_box_open and not nacl_box_open" time="0.008">
                                                 
                                               </testcase><testcase classname="ton.sdk.client.modules.CryptoSpec" name="Crypto should nacl_secret_box and nacl_secret_box_open" time="0.005">
                                                 
                                               </testcase><testcase classname="ton.sdk.client.modules.CryptoSpec" name="Crypto should not nacl_secret_box" time="0.001">
                                                 
                                               </testcase><testcase classname="ton.sdk.client.modules.CryptoSpec" name="Crypto should not nacl_secret_box_open" time="0.002">
                                                 
                                               </testcase><testcase classname="ton.sdk.client.modules.CryptoSpec" name="Crypto should nacl_sign" time="0.006">
                                                 
                                               </testcase><testcase classname="ton.sdk.client.modules.CryptoSpec" name="Crypto should not nacl_sign" time="0.002">
                                                 
                                               </testcase><testcase classname="ton.sdk.client.modules.CryptoSpec" name="Crypto should nacl_sign_open" time="0.007">
                                                 
                                               </testcase><testcase classname="ton.sdk.client.modules.CryptoSpec" name="Crypto should not nacl_sign_open" time="0.002">
                                                 
                                               </testcase><testcase classname="ton.sdk.client.modules.CryptoSpec" name="Crypto should nacl_sign_detached" time="0.006">
                                                 
                                               </testcase><testcase classname="ton.sdk.client.modules.CryptoSpec" name="Crypto should not nacl_sign_detached" time="0.002">
                                                 
                                               </testcase><testcase classname="ton.sdk.client.modules.CryptoSpec" name="Crypto should nacl_sign_keypair_from_secret_key" time="0.005">
                                                 
                                               </testcase><testcase classname="ton.sdk.client.modules.CryptoSpec" name="Crypto should not nacl_sign_keypair_from_secret_key" time="0.002">
                                                 
                                               </testcase><testcase classname="ton.sdk.client.modules.CryptoSpec" name="Crypto should crypt" time="0.052">
                                                 
                                               </testcase><testcase classname="ton.sdk.client.modules.CryptoSpec" name="Crypto should not crypt" time="0.002">
                                                 
                                               </testcase><testcase classname="ton.sdk.client.modules.CryptoSpec" name="Crypto should sha256" time="0.003">
                                                 
                                               </testcase><testcase classname="ton.sdk.client.modules.CryptoSpec" name="Crypto should not sha256" time="0.001">
                                                 
                                               </testcase><testcase classname="ton.sdk.client.modules.CryptoSpec" name="Crypto should sha512" time="0.003">
                                                 
                                               </testcase><testcase classname="ton.sdk.client.modules.CryptoSpec" name="Crypto should not sha512" time="0.002">
                                                 
                                               </testcase><testcase classname="ton.sdk.client.modules.CryptoSpec" name="Crypto should ton_crc16" time="0.003">
                                                 
                                               </testcase><testcase classname="ton.sdk.client.modules.CryptoSpec" name="Crypto should not ton_crc16" time="0.001">
                                                 
                                               </testcase><testcase classname="ton.sdk.client.modules.CryptoSpec" name="Crypto should sign and verify_signature in different contexts" time="0.014">
                                                 
                                               </testcase><testcase classname="ton.sdk.client.modules.CryptoSpec" name="Crypto should not sign" time="0.001">
                                                 
                                               </testcase><testcase classname="ton.sdk.client.modules.CryptoSpec" name="Crypto should not verify_signature" time="0.002">
                                                 
                                               </testcase>
                     <system-out><![CDATA[]]></system-out>
                     <system-err><![CDATA[]]></system-err>
                   </testsuite>